============================= test session starts =============================
platform win32 -- Python 3.11.0, pytest-9.0.1, pluggy-1.6.0
rootdir: C:\Projetos_BI\BI_Solution\backend
configfile: pytest.ini (WARNING: ignoring pytest config in pyproject.toml!)
plugins: anyio-4.12.0, langsmith-0.4.46, asyncio-1.3.0, cov-7.0.0, timeout-2.4.0
asyncio: mode=Mode.AUTO, debug=False, asyncio_default_fixture_loop_scope=None, asyncio_default_test_loop_scope=function
collected 0 items / 3 errors

=================================== ERRORS ====================================
_____________ ERROR collecting tests/quality/test_feedback_api.py _____________
ImportError while importing test module 'C:\Projetos_BI\BI_Solution\backend\tests\quality\test_feedback_api.py'.
Hint: make sure your test modules/packages have valid Python names.
Traceback:
C:\Program Files\Python311\Lib\importlib\__init__.py:126: in import_module
    return _bootstrap._gcd_import(name[level:], package, level)
           ^^^^^^^^^^^^^^^^^^^^^^^^^^^^^^^^^^^^^^^^^^^^^^^^^^^^
backend\tests\quality\test_feedback_api.py:5: in <module>
    from backend.main import app  # Ajuste o caminho se necessßrio
    ^^^^^^^^^^^^^^^^^^^^^^^^^^^^
backend\main.py:133: in <module>
    from backend.api.v1.router import api_router as v1_router
backend\api\v1\router.py:10: in <module>
    from backend.api.v1.endpoints.chat_v2 import router as chat_router
backend\api\v1\endpoints\chat_v2.py:13: in <module>
    from backend.application.agents.base_agent import AgentRequest
backend\application\agents\__init__.py:9: in <module>
    from backend.application.agents.orchestrator_agent import OrchestratorAgent, PipelineContext
backend\application\agents\orchestrator_agent.py:11: in <module>
    from backend.app.core.observability import metrics as observability_metrics
backend\app\core\observability\metrics.py:2: in <module>
    from prometheus_client import Counter, Histogram, CONTENT_TYPE_LATEST, generate_latest
E   ModuleNotFoundError: No module named 'prometheus_client'
___ ERROR collecting tests/quality/test_orchestrator_quality_integration.py ___
ImportError while importing test module 'C:\Projetos_BI\BI_Solution\backend\tests\quality\test_orchestrator_quality_integration.py'.
Hint: make sure your test modules/packages have valid Python names.
Traceback:
C:\Program Files\Python311\Lib\importlib\__init__.py:126: in import_module
    return _bootstrap._gcd_import(name[level:], package, level)
           ^^^^^^^^^^^^^^^^^^^^^^^^^^^^^^^^^^^^^^^^^^^^^^^^^^^^
backend\tests\quality\test_orchestrator_quality_integration.py:4: in <module>
    from backend.application.agents.orchestrator_agent import OrchestratorAgent, PipelineContext
backend\application\agents\__init__.py:9: in <module>
    from backend.application.agents.orchestrator_agent import OrchestratorAgent, PipelineContext
backend\application\agents\orchestrator_agent.py:11: in <module>
    from backend.app.core.observability import metrics as observability_metrics
backend\app\core\observability\metrics.py:2: in <module>
    from prometheus_client import Counter, Histogram, CONTENT_TYPE_LATEST, generate_latest
E   ModuleNotFoundError: No module named 'prometheus_client'
__________ ERROR collecting tests/quality/test_quality_evaluator.py ___________
ImportError while importing test module 'C:\Projetos_BI\BI_Solution\backend\tests\quality\test_quality_evaluator.py'.
Hint: make sure your test modules/packages have valid Python names.
Traceback:
C:\Program Files\Python311\Lib\importlib\__init__.py:126: in import_module
    return _bootstrap._gcd_import(name[level:], package, level)
           ^^^^^^^^^^^^^^^^^^^^^^^^^^^^^^^^^^^^^^^^^^^^^^^^^^^^
backend\tests\quality\test_quality_evaluator.py:4: in <module>
    from backend.application.agents.quality_evaluator_agent import QualityEvaluatorAgent
backend\application\agents\__init__.py:9: in <module>
    from backend.application.agents.orchestrator_agent import OrchestratorAgent, PipelineContext
backend\application\agents\orchestrator_agent.py:11: in <module>
    from backend.app.core.observability import metrics as observability_metrics
backend\app\core\observability\metrics.py:2: in <module>
    from prometheus_client import Counter, Histogram, CONTENT_TYPE_LATEST, generate_latest
E   ModuleNotFoundError: No module named 'prometheus_client'
=========================== short test summary info ===========================
ERROR backend\tests\quality\test_feedback_api.py
ERROR backend\tests\quality\test_orchestrator_quality_integration.py
ERROR backend\tests\quality\test_quality_evaluator.py
!!!!!!!!!!!!!!!!!!! Interrupted: 3 errors during collection !!!!!!!!!!!!!!!!!!!
============================== 3 errors in 1.48s ==============================
